<?xml version="1.0" encoding="UTF-8"?>
<!-- Generated by org.testng.reporters.JUnitReportReporter -->
<testsuite hostname="Ashishba-W7" name="com.mobileauto.appium.test.MyFirstAppiumTest" tests="1" failures="0" timestamp="22 Apr 2015 05:30:36 GMT" time="565.757" errors="0">
  <testcase name="secondAppiumTest" time="565.757" classname="com.mobileauto.appium.test.MyFirstAppiumTest"/>
</testsuite> <!-- com.mobileauto.appium.test.MyFirstAppiumTest -->
