<?xml version="1.0" encoding="UTF-8"?>
<!-- Generated by org.testng.reporters.JUnitReportReporter -->
<testsuite hostname="Ashishba-W7" name="com.mobileauto.appium.test.MyAppiumAPKTest" tests="1" failures="0" timestamp="22 Apr 2015 12:24:03 GMT" time="16.546" errors="0">
  <testcase name="calculatorAppTest" time="16.546" classname="com.mobileauto.appium.test.MyAppiumAPKTest"/>
</testsuite> <!-- com.mobileauto.appium.test.MyAppiumAPKTest -->
